<?xml version='1.0' encoding='UTF-8'?>
<testsuite hostname="ivallice-dev" name="io.zenathark.tools.IntArrayTest" tests="5" errors="0" failures="0" skipped="0" time="0.012">
                     <properties>
[...]
</properties>
                     <testcase classname="io.zenathark.tools.IntArrayTest" name="An Int Array should start as an empty int[]" time="0.01">
                                                 
                                               </testcase><testcase classname="io.zenathark.tools.IntArrayTest" name="An Int Array should add an element" time="0.001">
                                                 
                                               </testcase><testcase classname="io.zenathark.tools.IntArrayTest" name="the seq method should return an array from variadic elements" time="0.0">
                                                 
                                               </testcase><testcase classname="io.zenathark.tools.IntArrayTest" name="seq method should recibe an array as new data" time="0.001">
                                                 
                                               </testcase><testcase classname="io.zenathark.tools.IntArrayTest" name="the add method should increment size in size * 3 / 2 + 1" time="0.0">
                                                 
                                               </testcase>
                     <system-out><![CDATA[]]></system-out>
                     <system-err><![CDATA[]]></system-err>
                   </testsuite>